FAILED: Package OTA: out/target/product/spes/aosp_spes-ota-eng.iamharshit188.zip
Outputs: out/target/product/spes/aosp_spes-ota-eng.iamharshit188.zip out/target/product/spes/ota_metadata
Error: exited with code: 1
Command: /bin/bash -c "PATH=out/host/linux-x86/bin/:system/extras/ext4_utils/:out/host/linux-x86/bin/:\$PATH out/host/linux-x86/bin/ota_from_target_files --verbose --extracted_input_target_files out/target/product/spes/obj/PACKAGING/target_files_intermediates/aosp_spes-target_files-eng.iamharshit188 --path out/host/linux-x86  -k build/make/target/product/security/testkey --output_metadata_path out/target/product/spes/ota_metadata out/target/product/spes/obj/PACKAGING/target_files_intermediates/aosp_spes-target_files-eng.iamharshit188.zip out/target/product/spes/aosp_spes-ota-eng.iamharshit188.zip"
Output:
2023-10-14 15:13:48 - common.py - WARNING : Failed to read SYSTEM/etc/build.prop
2023-10-14 15:13:48 - common.py - WARNING : Failed to read VENDOR/etc/build.prop
2023-10-14 15:13:48 - common.py - WARNING : Failed to read ODM/etc/build.prop
2023-10-14 15:13:48 - common.py - WARNING : Failed to read ODM/build.prop
2023-10-14 15:13:48 - common.py - WARNING : Failed to read build.prop for partition odm
2023-10-14 15:13:48 - common.py - WARNING : Failed to read VENDOR_DLKM/etc/build.prop
2023-10-14 15:13:48 - common.py - WARNING : Failed to read VENDOR_DLKM/build.prop
2023-10-14 15:13:48 - common.py - WARNING : Failed to read build.prop for partition vendor_dlkm
2023-10-14 15:13:48 - common.py - WARNING : Failed to read ODM_DLKM/etc/build.prop
2023-10-14 15:13:48 - common.py - WARNING : Failed to read ODM_DLKM/build.prop
2023-10-14 15:13:48 - common.py - WARNING : Failed to read build.prop for partition odm_dlkm
2023-10-14 15:13:48 - common.py - WARNING : Failed to read SYSTEM_DLKM/etc/build.prop
2023-10-14 15:13:48 - common.py - WARNING : Failed to read SYSTEM_DLKM/build.prop
2023-10-14 15:13:48 - common.py - WARNING : Failed to read build.prop for partition system_dlkm
2023-10-14 15:13:48 - common.py - INFO    :   Running: "/home/iamharshit188/SkyLIneUI/out/host/linux-x86/bin/unpack_bootimg --boot_img out/target/product/spes/obj/PACKAGING/target_files_intermediates/aosp_spes-target_files-eng.iamharshit188/IMAGES/boot.img --out /home/iamharshit188/SkyLIneUI/out/soong/.temp/boot_bxj7e4v7.img"
2023-10-14 15:13:49 - common.py - INFO    :   Running: "/home/iamharshit188/SkyLIneUI/out/host/linux-x86/bin/minigzip -d"
2023-10-14 15:13:49 - common.py - INFO    :   Running: "/home/iamharshit188/SkyLIneUI/out/host/linux-x86/bin/toybox cpio -F /home/iamharshit188/SkyLIneUI/out/soong/.temp/boot_bxj7e4v7.img/uncompressed_ramdisk -i"
2023-10-14 15:13:49 - common.py - WARNING : Failed to read IMAGES/init_boot.img
2023-10-14 15:13:49 - ota_from_target_files.py - INFO    : --- target info ---
2023-10-14 15:13:49 - common.py - INFO    : ab_partitions             = (list) ['boot', 'dtbo', 'product', 'system', 'system_ext', 'vbmeta', 'vbmeta_system', 'vendor', 'vendor_boot', '']
2023-10-14 15:13:49 - common.py - INFO    : ab_update                 = (str) true
2023-10-14 15:13:49 - common.py - INFO    : avb_avbtool               = (str) avbtool
2023-10-14 15:13:49 - common.py - INFO    : avb_boot_add_hash_footer_args = (str) --prop com.android.build.boot.os_version:13 --prop com.android.build.boot.fingerprint:Redmi/spes/spes:13/TQ3C.230901.001.B1/0223:userdebug/release-keys
2023-10-14 15:13:49 - common.py - INFO    : avb_boot_salt             = (str) 28ac32ea9bbed344efab05606d0f98698a2ecd87c664148e19350b57e8083145
2023-10-14 15:13:49 - common.py - INFO    : avb_building_vbmeta_image = (str) true
2023-10-14 15:13:49 - common.py - INFO    : avb_dtbo_add_hash_footer_args = (str) --prop com.android.build.dtbo.fingerprint:Redmi/spes/spes:13/TQ3C.230901.001.B1/0223:userdebug/release-keys
2023-10-14 15:13:49 - common.py - INFO    : avb_enable                = (str) true
2023-10-14 15:13:49 - common.py - INFO    : avb_init_boot_add_hash_footer_args = (str) --prop com.android.build.init_boot.os_version:13 --prop com.android.build.init_boot.fingerprint:Redmi/spes/spes:13/TQ3C.230901.001.B1/0223:userdebug/release-keys
2023-10-14 15:13:49 - common.py - INFO    : avb_init_boot_salt        = (str) 29b8d3a77ec742488b6e28cbed0044e118cdfac331afc6e0e8de76c081263a6a
2023-10-14 15:13:49 - common.py - INFO    : avb_odm_add_hashtree_footer_args = (str) --prop com.android.build.odm.os_version:13 --prop com.android.build.odm.fingerprint:Redmi/spes/spes:13/TQ3C.230901.001.B1/0223:userdebug/release-keys
2023-10-14 15:13:49 - common.py - INFO    : avb_odm_dlkm_add_hashtree_footer_args = (str) --prop com.android.build.odm_dlkm.os_version:13 --prop com.android.build.odm_dlkm.fingerprint:Redmi/spes/spes:13/TQ3C.230901.001.B1/0223:userdebug/release-keys
2023-10-14 15:13:49 - common.py - INFO    : avb_odm_dlkm_hashtree_enable = (str) true
2023-10-14 15:13:49 - common.py - INFO    : avb_odm_dlkm_salt         = (str) 29b8d3a77ec742488b6e28cbed0044e118cdfac331afc6e0e8de76c081263a6a
2023-10-14 15:13:49 - common.py - INFO    : avb_odm_hashtree_enable   = (str) true
2023-10-14 15:13:49 - common.py - INFO    : avb_odm_salt              = (str) 29b8d3a77ec742488b6e28cbed0044e118cdfac331afc6e0e8de76c081263a6a
2023-10-14 15:13:49 - common.py - INFO    : avb_product_add_hashtree_footer_args = (str) --prop com.android.build.product.os_version:13 --prop com.android.build.product.fingerprint:Redmi/spes/spes:13/TQ3C.230901.001.B1/0223:userdebug/release-keys --prop com.android.build.product.security_patch:2023-09-01
2023-10-14 15:13:49 - common.py - INFO    : avb_product_hashtree_enable = (str) true
2023-10-14 15:13:49 - common.py - INFO    : avb_product_salt          = (str) 28ac32ea9bbed344efab05606d0f98698a2ecd87c664148e19350b57e8083145
2023-10-14 15:13:49 - common.py - INFO    : avb_recovery_add_hash_footer_args = (str) --prop com.android.build.recovery.fingerprint:Redmi/spes/spes:13/TQ3C.230901.001.B1/0223:userdebug/release-keys
2023-10-14 15:13:49 - common.py - INFO    : avb_recovery_algorithm    = (str) SHA256_RSA4096
2023-10-14 15:13:49 - common.py - INFO    : avb_recovery_key_path     = (str) external/avb/test/data/testkey_rsa4096.pem
2023-10-14 15:13:49 - common.py - INFO    : avb_recovery_rollback_index_location = (str) 1
2023-10-14 15:13:49 - common.py - INFO    : avb_system_add_hashtree_footer_args = (str) --prop com.android.build.system.os_version:13 --prop com.android.build.system.fingerprint:Redmi/spes/spes:13/TQ3C.230901.001.B1/0223:userdebug/release-keys --prop com.android.build.system.security_patch:2023-09-01
2023-10-14 15:13:49 - common.py - INFO    : avb_system_dlkm_add_hashtree_footer_args = (str) --prop com.android.build.system_dlkm.os_version:13 --prop com.android.build.system_dlkm.fingerprint:Redmi/spes/spes:13/TQ3C.230901.001.B1/0223:userdebug/release-keys
2023-10-14 15:13:49 - common.py - INFO    : avb_system_dlkm_hashtree_enable = (str) true
2023-10-14 15:13:49 - common.py - INFO    : avb_system_dlkm_salt      = (str) 29b8d3a77ec742488b6e28cbed0044e118cdfac331afc6e0e8de76c081263a6a
2023-10-14 15:13:49 - common.py - INFO    : avb_system_ext_add_hashtree_footer_args = (str) --prop com.android.build.system_ext.os_version:13 --prop com.android.build.system_ext.fingerprint:Redmi/spes/spes:13/TQ3C.230901.001.B1/0223:userdebug/release-keys --prop com.android.build.system_ext.security_patch:2023-09-01
2023-10-14 15:13:49 - common.py - INFO    : avb_system_ext_hashtree_enable = (str) true
2023-10-14 15:13:49 - common.py - INFO    : avb_system_ext_salt       = (str) 28ac32ea9bbed344efab05606d0f98698a2ecd87c664148e19350b57e8083145
2023-10-14 15:13:49 - common.py - INFO    : avb_system_hashtree_enable = (str) true
2023-10-14 15:13:49 - common.py - INFO    : avb_system_other_add_hashtree_footer_args = (str) 
2023-10-14 15:13:49 - common.py - INFO    : avb_system_other_hashtree_enable = (str) true
2023-10-14 15:13:49 - common.py - INFO    : avb_system_salt           = (str) 29b8d3a77ec742488b6e28cbed0044e118cdfac331afc6e0e8de76c081263a6a
2023-10-14 15:13:49 - common.py - INFO    : avb_vbmeta_algorithm      = (str) SHA256_RSA4096
2023-10-14 15:13:49 - common.py - INFO    : avb_vbmeta_args           = (str) --flags 3 --padding_size 4096
2023-10-14 15:13:49 - common.py - INFO    : avb_vbmeta_key_path       = (str) external/avb/test/data/testkey_rsa4096.pem
2023-10-14 15:13:49 - common.py - INFO    : avb_vbmeta_system         = (str) system system_ext product
2023-10-14 15:13:49 - common.py - INFO    : avb_vbmeta_system_algorithm = (str) SHA256_RSA2048
2023-10-14 15:13:49 - common.py - INFO    : avb_vbmeta_system_args    = (str) --padding_size 4096 --rollback_index 1693526400
2023-10-14 15:13:49 - common.py - INFO    : avb_vbmeta_system_key_path = (str) external/avb/test/data/testkey_rsa2048.pem
2023-10-14 15:13:49 - common.py - INFO    : avb_vbmeta_system_rollback_index_location = (str) 1
2023-10-14 15:13:49 - common.py - INFO    : avb_vendor_add_hashtree_footer_args = (str) --prop com.android.build.vendor.os_version:13 --prop com.android.build.vendor.fingerprint:Redmi/spes/spes:13/TQ3C.230901.001.B1/0223:userdebug/release-keys --prop com.android.build.vendor.security_patch:2022-06-05
2023-10-14 15:13:49 - common.py - INFO    : avb_vendor_boot_add_hash_footer_args = (str) --prop com.android.build.vendor_boot.fingerprint:Redmi/spes/spes:13/TQ3C.230901.001.B1/0223:userdebug/release-keys
2023-10-14 15:13:49 - common.py - INFO    : avb_vendor_dlkm_add_hashtree_footer_args = (str) --prop com.android.build.vendor_dlkm.os_version:13 --prop com.android.build.vendor_dlkm.fingerprint:Redmi/spes/spes:13/TQ3C.230901.001.B1/0223:userdebug/release-keys
2023-10-14 15:13:49 - common.py - INFO    : avb_vendor_dlkm_hashtree_enable = (str) true
2023-10-14 15:13:49 - common.py - INFO    : avb_vendor_dlkm_salt      = (str) 29b8d3a77ec742488b6e28cbed0044e118cdfac331afc6e0e8de76c081263a6a
2023-10-14 15:13:49 - common.py - INFO    : avb_vendor_hashtree_enable = (str) true
2023-10-14 15:13:49 - common.py - INFO    : avb_vendor_kernel_boot_add_hash_footer_args = (str) --prop com.android.build.vendor_kernel_boot.fingerprint:Redmi/spes/spes:13/TQ3C.230901.001.B1/0223:userdebug/release-keys
2023-10-14 15:13:49 - common.py - INFO    : avb_vendor_salt           = (str) 28ac32ea9bbed344efab05606d0f98698a2ecd87c664148e19350b57e8083145
2023-10-14 15:13:49 - common.py - INFO    : blockimgdiff_versions     = (str) 3,4
2023-10-14 15:13:49 - common.py - INFO    : blocksize                 = (int) 131072
2023-10-14 15:13:49 - common.py - INFO    : board_builds_vendorimage  = (str) true
2023-10-14 15:13:49 - common.py - INFO    : board_uses_vendorimage    = (str) true
2023-10-14 15:13:49 - common.py - INFO    : boot.build.prop           = (PartitionBuildProps) <common.PartitionBuildProps object at 0x7fd378913700>
2023-10-14 15:13:49 - common.py - INFO    : boot_images               = (str) boot.img
2023-10-14 15:13:49 - common.py - INFO    : boot_size                 = (int) 134217728
2023-10-14 15:13:49 - common.py - INFO    : build.prop                = (PartitionBuildProps) <common.PartitionBuildProps object at 0x7fd378912650>
2023-10-14 15:13:49 - common.py - INFO    : build_super_empty_partition = (str) true
2023-10-14 15:13:49 - common.py - INFO    : build_super_partition     = (str) true
2023-10-14 15:13:49 - common.py - INFO    : build_type                = (str) userdebug
2023-10-14 15:13:49 - common.py - INFO    : building_oem_image        = (str) 
2023-10-14 15:13:49 - common.py - INFO    : building_product_image    = (str) true
2023-10-14 15:13:49 - common.py - INFO    : building_system_ext_image = (str) true
2023-10-14 15:13:49 - common.py - INFO    : building_system_image     = (str) true
2023-10-14 15:13:49 - common.py - INFO    : building_userdata_image   = (str) true
2023-10-14 15:13:49 - common.py - INFO    : building_vendor_image     = (str) true
2023-10-14 15:13:49 - common.py - INFO    : default_system_dev_certificate = (str) build/make/target/product/security/testkey
2023-10-14 15:13:49 - common.py - INFO    : dtbo_size                 = (str) 25165824
2023-10-14 15:13:49 - common.py - INFO    : dynamic_partition_list    = (str)  system system_ext product vendor
2023-10-14 15:13:49 - common.py - INFO    : erofs_sparse_flag         = (str) -s
2023-10-14 15:13:49 - common.py - INFO    : ext_mkuserimg             = (str) mkuserimg_mke2fs
2023-10-14 15:13:49 - common.py - INFO    : extfs_sparse_flag         = (str) -s
2023-10-14 15:13:49 - common.py - INFO    : f2fs_sparse_flag          = (str) -S
2023-10-14 15:13:49 - common.py - INFO    : fs_type                   = (str) ext4
2023-10-14 15:13:49 - common.py - INFO    : fstab                     = (NoneType) None
2023-10-14 15:13:49 - common.py - INFO    : fstab_version             = (int) 2
2023-10-14 15:13:49 - common.py - INFO    : has_dtbo                  = (str) true
2023-10-14 15:13:49 - common.py - INFO    : init_boot.build.prop      = (PartitionBuildProps) <common.PartitionBuildProps object at 0x7fd378913730>
2023-10-14 15:13:49 - common.py - INFO    : lpmake                    = (str) lpmake
2023-10-14 15:13:49 - common.py - INFO    : mkbootimg_args            = (str) --header_version 3
2023-10-14 15:13:49 - common.py - INFO    : mkbootimg_init_args       = (str) 
2023-10-14 15:13:49 - common.py - INFO    : mkbootimg_version_args    = (str) --os_version 13 --os_patch_level 2023-09-01
2023-10-14 15:13:49 - common.py - INFO    : multistage_support        = (str) 1
2023-10-14 15:13:49 - common.py - INFO    : no_recovery               = (str) true
2023-10-14 15:13:49 - common.py - INFO    : odm.build.prop            = (PartitionBuildProps) <common.PartitionBuildProps object at 0x7fd378910f10>
2023-10-14 15:13:49 - common.py - INFO    : odm_dlkm.build.prop       = (PartitionBuildProps) <common.PartitionBuildProps object at 0x7fd378913ca0>
2023-10-14 15:13:49 - common.py - INFO    : oem_selinux_fc            = (str) out/target/product/spes/obj/ETC/file_contexts.bin_intermediates/file_contexts.bin
2023-10-14 15:13:49 - common.py - INFO    : ota_override_device       = (str) spes,spesn
2023-10-14 15:13:49 - common.py - INFO    : product.build.prop        = (PartitionBuildProps) <common.PartitionBuildProps object at 0x7fd3789138b0>
2023-10-14 15:13:49 - common.py - INFO    : product_extfs_inode_count = (str) -1
2023-10-14 15:13:49 - common.py - INFO    : product_fs_type           = (str) ext4
2023-10-14 15:13:49 - common.py - INFO    : product_reserved_size     = (str) 629145600
2023-10-14 15:13:49 - common.py - INFO    : product_selinux_fc        = (str) out/target/product/spes/obj/ETC/file_contexts.bin_intermediates/file_contexts.bin
2023-10-14 15:13:49 - common.py - INFO    : recovery_api_version      = (int) 3
2023-10-14 15:13:49 - common.py - INFO    : recovery_as_boot          = (str) true
2023-10-14 15:13:49 - common.py - INFO    : recovery_mkbootimg_args   = (str) --header_version 3
2023-10-14 15:13:49 - common.py - INFO    : recovery_mount_options    = (str) ext4=max_batch_time=0,commit=1,data=ordered,barrier=1,errors=panic,nodelalloc
2023-10-14 15:13:49 - common.py - INFO    : root_dir                  = (str) out/target/product/spes/root
2023-10-14 15:13:49 - common.py - INFO    : squashfs_sparse_flag      = (str) -s
2023-10-14 15:13:49 - common.py - INFO    : super_block_devices       = (str) super
2023-10-14 15:13:49 - common.py - INFO    : super_metadata_device     = (str) super
2023-10-14 15:13:49 - common.py - INFO    : super_partition_groups    = (str) qti_dynamic_partitions
2023-10-14 15:13:49 - common.py - INFO    : super_partition_size      = (str) 9126805504
2023-10-14 15:13:49 - common.py - INFO    : super_qti_dynamic_partitions_group_size = (str) 9122611200
2023-10-14 15:13:49 - common.py - INFO    : super_qti_dynamic_partitions_partition_list = (str)  system system_ext product vendor
2023-10-14 15:13:49 - common.py - INFO    : super_super_device_size   = (str) 9126805504
2023-10-14 15:13:49 - common.py - INFO    : system.build.prop         = (PartitionBuildProps) <common.PartitionBuildProps object at 0x7fd378912650>
2023-10-14 15:13:49 - common.py - INFO    : system_dlkm.build.prop    = (PartitionBuildProps) <common.PartitionBuildProps object at 0x7fd378911000>
2023-10-14 15:13:49 - common.py - INFO    : system_ext.build.prop     = (PartitionBuildProps) <common.PartitionBuildProps object at 0x7fd378910ee0>
2023-10-14 15:13:49 - common.py - INFO    : system_ext_extfs_inode_count = (str) -1
2023-10-14 15:13:49 - common.py - INFO    : system_ext_fs_type        = (str) ext4
2023-10-14 15:13:49 - common.py - INFO    : system_ext_reserved_size  = (str) 419430400
2023-10-14 15:13:49 - common.py - INFO    : system_ext_selinux_fc     = (str) out/target/product/spes/obj/ETC/file_contexts.bin_intermediates/file_contexts.bin
2023-10-14 15:13:49 - common.py - INFO    : system_extfs_inode_count  = (str) -1
2023-10-14 15:13:49 - common.py - INFO    : system_fs_type            = (str) ext4
2023-10-14 15:13:49 - common.py - INFO    : system_reserved_size      = (str) 419430400
2023-10-14 15:13:49 - common.py - INFO    : system_selinux_fc         = (str) out/target/product/spes/obj/ETC/file_contexts.bin_intermediates/file_contexts.bin
2023-10-14 15:13:49 - common.py - INFO    : target_flatten_apex       = (str) false
2023-10-14 15:13:49 - common.py - INFO    : tool_extensions           = (str) device/xiaomi/spes
2023-10-14 15:13:49 - common.py - INFO    : use_dynamic_partition_size = (str) true
2023-10-14 15:13:49 - common.py - INFO    : use_dynamic_partitions    = (str) true
2023-10-14 15:13:49 - common.py - INFO    : use_set_metadata          = (str) 1
2023-10-14 15:13:49 - common.py - INFO    : userdata_fs_type          = (str) f2fs
2023-10-14 15:13:49 - common.py - INFO    : userdata_selinux_fc       = (str) out/target/product/spes/obj/ETC/file_contexts.bin_intermediates/file_contexts.bin
2023-10-14 15:13:49 - common.py - INFO    : userdata_size             = (int) 114553663488
2023-10-14 15:13:49 - common.py - INFO    : vbmeta_digest             = (str) 8b2fd3c83653106678e1d9e2d706758fb98a703f1b6a3ba9b0e756bfa784cea1
2023-10-14 15:13:49 - common.py - INFO    : vendor.build.prop         = (PartitionBuildProps) <common.PartitionBuildProps object at 0x7fd3789139a0>
2023-10-14 15:13:49 - common.py - INFO    : vendor_boot               = (str) true
2023-10-14 15:13:49 - common.py - INFO    : vendor_boot_size          = (str) 100663296
2023-10-14 15:13:49 - common.py - INFO    : vendor_dlkm.build.prop    = (PartitionBuildProps) <common.PartitionBuildProps object at 0x7fd378912620>
2023-10-14 15:13:49 - common.py - INFO    : vendor_fs_type            = (str) ext4
2023-10-14 15:13:49 - common.py - INFO    : vendor_reserved_size      = (str) 104857600
2023-10-14 15:13:49 - common.py - INFO    : vendor_selinux_fc         = (str) out/target/product/spes/obj/ETC/file_contexts.bin_intermediates/file_contexts.bin
2023-10-14 15:13:49 - common.py - INFO    : vintf_enforce             = (str) true
2023-10-14 15:13:49 - common.py - INFO    : vintf_include_empty_vendor_sku = (str) true
2023-10-14 15:13:49 - common.py - INFO    : vintf_odm_manifest_skus   = (str) k7tn
2023-10-14 15:13:49 - common.py - INFO    : virtual_ab                = (str) true
2023-10-14 15:13:49 - common.py - INFO    :   Running: "openssl pkcs8 -in build/make/target/product/security/testkey.pk8 -inform DER -nocrypt"
2023-10-14 15:13:49 - ota_from_target_files.py - INFO    : VABC XOR Not supported, disabling
2023-10-14 15:13:49 - check_target_files_vintf.py - INFO    : Checking VINTF compatibility target files...
2023-10-14 15:13:49 - common.py - INFO    :   Running: "/home/iamharshit188/SkyLIneUI/out/host/linux-x86/bin/checkvintf --dump-file-list"
2023-10-14 15:13:49 - common.py - INFO    :   Running: "unzip -o -q out/target/product/spes/obj/PACKAGING/target_files_intermediates/aosp_spes-target_files-eng.iamharshit188.zip -d /home/iamharshit188/SkyLIneUI/out/soong/.temp/targetfiles-l2xndwwh SYSTEM/etc/vintf/** VENDOR/etc/vintf/** VENDOR/odm/etc/vintf/** SYSTEM_EXT/etc/vintf/** VENDOR/odm/etc/** META/* */build.prop"
2023-10-14 15:13:49 - common.py - INFO    :   Running: "/home/iamharshit188/SkyLIneUI/out/host/linux-x86/bin/checkvintf --check-compat --dirmap /odm:/home/iamharshit188/SkyLIneUI/out/soong/.temp/targetfiles-l2xndwwh/VENDOR/odm --dirmap /product:/home/iamharshit188/SkyLIneUI/out/soong/.temp/targetfiles-l2xndwwh/PRODUCT --dirmap /system:/home/iamharshit188/SkyLIneUI/out/soong/.temp/targetfiles-l2xndwwh/SYSTEM --dirmap /system_ext:/home/iamharshit188/SkyLIneUI/out/soong/.temp/targetfiles-l2xndwwh/SYSTEM_EXT --dirmap /vendor:/home/iamharshit188/SkyLIneUI/out/soong/.temp/targetfiles-l2xndwwh/VENDOR --kernel /home/iamharshit188/SkyLIneUI/out/soong/.temp/targetfiles-l2xndwwh/META/kernel_version.txt:/home/iamharshit188/SkyLIneUI/out/soong/.temp/targetfiles-l2xndwwh/META/kernel_configs.txt --property ro.product.first_api_level=30 --property ro.boot.product.hardware.sku=k7tn --property ro.boot.product.vendor.sku="
Traceback (most recent call last):
  File "/home/iamharshit188/SkyLIneUI/out/host/linux-x86/bin/ota_from_target_files/internal/stdlib/runpy.py", line 196, in _run_module_as_main
  File "/home/iamharshit188/SkyLIneUI/out/host/linux-x86/bin/ota_from_target_files/internal/stdlib/runpy.py", line 86, in _run_code
  File "/home/iamharshit188/SkyLIneUI/out/host/linux-x86/bin/ota_from_target_files/__main__.py", line 12, in <module>
  File "/home/iamharshit188/SkyLIneUI/out/host/linux-x86/bin/ota_from_target_files/internal/stdlib/runpy.py", line 196, in _run_module_as_main
  File "/home/iamharshit188/SkyLIneUI/out/host/linux-x86/bin/ota_from_target_files/internal/stdlib/runpy.py", line 86, in _run_code
  File "/home/iamharshit188/SkyLIneUI/out/host/linux-x86/bin/ota_from_target_files/ota_from_target_files.py", line 1648, in <module>
  File "/home/iamharshit188/SkyLIneUI/out/host/linux-x86/bin/ota_from_target_files/ota_from_target_files.py", line 1619, in main
  File "/home/iamharshit188/SkyLIneUI/out/host/linux-x86/bin/ota_from_target_files/ota_from_target_files.py", line 1191, in GenerateAbOtaPackage
  File "/home/iamharshit188/SkyLIneUI/out/host/linux-x86/bin/ota_from_target_files/check_target_files_vintf.py", line 252, in CheckVintfIfTrebleEnabled
  File "/home/iamharshit188/SkyLIneUI/out/host/linux-x86/bin/ota_from_target_files/check_target_files_vintf.py", line 224, in CheckVintf
  File "/home/iamharshit188/SkyLIneUI/out/host/linux-x86/bin/ota_from_target_files/check_target_files_vintf.py", line 202, in CheckVintfFromTargetFiles
  File "/home/iamharshit188/SkyLIneUI/out/host/linux-x86/bin/ota_from_target_files/check_target_files_vintf.py", line 151, in CheckVintfFromExtractedTargetFiles
common.ExternalError: Failed to run command 'checkvintf --check-compat --dirmap /odm:/home/iamharshit188/SkyLIneUI/out/soong/.temp/targetfiles-l2xndwwh/VENDOR/odm --dirmap /product:/home/iamharshit188/SkyLIneUI/out/soong/.temp/targetfiles-l2xndwwh/PRODUCT --dirmap /system:/home/iamharshit188/SkyLIneUI/out/soong/.temp/targetfiles-l2xndwwh/SYSTEM --dirmap /system_ext:/home/iamharshit188/SkyLIneUI/out/soong/.temp/targetfiles-l2xndwwh/SYSTEM_EXT --dirmap /vendor:/home/iamharshit188/SkyLIneUI/out/soong/.temp/targetfiles-l2xndwwh/VENDOR --kernel /home/iamharshit188/SkyLIneUI/out/soong/.temp/targetfiles-l2xndwwh/META/kernel_version.txt:/home/iamharshit188/SkyLIneUI/out/soong/.temp/targetfiles-l2xndwwh/META/kernel_configs.txt --property ro.product.first_api_level=30 --property ro.boot.product.hardware.sku=k7tn --property ro.boot.product.vendor.sku=' (exit code 70):
stdout:Cannot parse "/home/iamharshit188/SkyLIneUI/out/soong/.temp/targetfiles-l2xndwwh/META/kernel_version.txt" as kernel version, parsing as GKI kernel release.
Cannot parse "/home/iamharshit188/SkyLIneUI/out/soong/.temp/targetfiles-l2xndwwh/META/kernel_version.txt" as GKI kernel release, parsing as kernel release
Cannot parse "/home/iamharshit188/SkyLIneUI/out/soong/.temp/targetfiles-l2xndwwh/META/kernel_version.txt" as kernel release
Cannot parse "4.19.157-Mi680/spes-g509b23034d97" as kernel version, parsing as GKI kernel release.
Cannot parse "4.19.157-Mi680/spes-g509b23034d97" as GKI kernel release, parsing as kernel release
Successfully parsed content of /home/iamharshit188/SkyLIneUI/out/soong/.temp/targetfiles-l2xndwwh/META/kernel_version.txt: 4.19.157-Mi680/spes-g509b23034d97
getFrameworkHalManifest: Reading VINTF information.
Fetch '/home/iamharshit188/SkyLIneUI/out/soong/.temp/targetfiles-l2xndwwh/SYSTEM/etc/vintf/manifest.xml': OK
List '/home/iamharshit188/SkyLIneUI/out/soong/.temp/targetfiles-l2xndwwh/SYSTEM/etc/vintf/manifest/': OK
Fetch '/home/iamharshit188/SkyLIneUI/out/soong/.temp/targetfiles-l2xndwwh/SYSTEM/etc/vintf/manifest/manifest_android.frameworks.cameraservice.service@2.2.xml': OK
Fetch '/home/iamharshit188/SkyLIneUI/out/soong/.temp/targetfiles-l2xndwwh/SYSTEM/etc/vintf/manifest/android.system.keystore2-service.xml': OK
Fetch '/home/iamharshit188/SkyLIneUI/out/soong/.temp/targetfiles-l2xndwwh/SYSTEM/etc/vintf/manifest/android.system.suspend@1.0-service.xml': OK
Fetch '/home/iamharshit188/SkyLIneUI/out/soong/.temp/targetfiles-l2xndwwh/SYSTEM/etc/vintf/manifest/android.hidl.allocator@1.0-service.xml': OK
Fetch '/home/iamharshit188/SkyLIneUI/out/soong/.temp/targetfiles-l2xndwwh/SYSTEM/etc/vintf/manifest/android.frameworks.stats@1.0-service.xml': OK
Fetch '/home/iamharshit188/SkyLIneUI/out/soong/.temp/targetfiles-l2xndwwh/SYSTEM/etc/vintf/manifest/manifest_media_c2_software.xml': OK
Fetch '/home/iamharshit188/SkyLIneUI/out/soong/.temp/targetfiles-l2xndwwh/PRODUCT/etc/vintf/manifest.xml': NAME_NOT_FOUND
List '/home/iamharshit188/SkyLIneUI/out/soong/.temp/targetfiles-l2xndwwh/PRODUCT/etc/vintf/manifest/': NAME_NOT_FOUND
Fetch '/home/iamharshit188/SkyLIneUI/out/soong/.temp/targetfiles-l2xndwwh/SYSTEM_EXT/etc/vintf/manifest.xml': OK
List '/home/iamharshit188/SkyLIneUI/out/soong/.temp/targetfiles-l2xndwwh/SYSTEM_EXT/etc/vintf/manifest/': NAME_NOT_FOUND
getDeviceHalManifest: Reading VINTF information.
Sysprop ro.boot.product.vendor.sku=
Fetch '/home/iamharshit188/SkyLIneUI/out/soong/.temp/targetfiles-l2xndwwh/VENDOR/etc/vintf/manifest.xml': OK
List '/home/iamharshit188/SkyLIneUI/out/soong/.temp/targetfiles-l2xndwwh/VENDOR/etc/vintf/manifest/': OK
Fetch '/home/iamharshit188/SkyLIneUI/out/soong/.temp/targetfiles-l2xndwwh/VENDOR/etc/vintf/manifest/android.hardware.keymaster@4.1-service-default-qti.xml': OK
Fetch '/home/iamharshit188/SkyLIneUI/out/soong/.temp/targetfiles-l2xndwwh/VENDOR/etc/vintf/manifest/manifest_android.hardware.drm@1.3-service.widevine.xml': OK
Fetch '/home/iamharshit188/SkyLIneUI/out/soong/.temp/targetfiles-l2xndwwh/VENDOR/etc/vintf/manifest/android.hardware.drm-service.clearkey.xml': OK
Fetch '/home/iamharshit188/SkyLIneUI/out/soong/.temp/targetfiles-l2xndwwh/VENDOR/etc/vintf/manifest/android.hardware.sensors@2.1-multihal.xml': OK
Fetch '/home/iamharshit188/SkyLIneUI/out/soong/.temp/targetfiles-l2xndwwh/VENDOR/etc/vintf/manifest/android.hardware.power-service.xiaomi.xml': OK
Fetch '/home/iamharshit188/SkyLIneUI/out/soong/.temp/targetfiles-l2xndwwh/VENDOR/etc/vintf/manifest/android.hardware.wifi@1.0-service.xml': OK
Fetch '/home/iamharshit188/SkyLIneUI/out/soong/.temp/targetfiles-l2xndwwh/VENDOR/etc/vintf/manifest/vendor.qti.hardware.display.composer-service.xml': OK
Fetch '/home/iamharshit188/SkyLIneUI/out/soong/.temp/targetfiles-l2xndwwh/VENDOR/etc/vintf/manifest/android.hardware.wifi.hostapd.xml': OK
Fetch '/home/iamharshit188/SkyLIneUI/out/soong/.temp/targetfiles-l2xndwwh/VENDOR/etc/vintf/manifest/android.hardware.gnss@2.1-service-qti.xml': OK
Fetch '/home/iamharshit188/SkyLIneUI/out/soong/.temp/targetfiles-l2xndwwh/VENDOR/etc/vintf/manifest/android.hardware.usb@1.2-service-spes.xml': OK
Fetch '/home/iamharshit188/SkyLIneUI/out/soong/.temp/targetfiles-l2xndwwh/VENDOR/etc/vintf/manifest/android.hardware.wifi.supplicant.xml': OK
Fetch '/home/iamharshit188/SkyLIneUI/out/soong/.temp/targetfiles-l2xndwwh/VENDOR/etc/vintf/manifest/manifest_vendor.xiaomi.hardware.mlipay.xml': OK
Fetch '/home/iamharshit188/SkyLIneUI/out/soong/.temp/targetfiles-l2xndwwh/VENDOR/etc/vintf/manifest/android.hardware.biometrics.fingerprint@2.1-service.spes.xml': OK
Fetch '/home/iamharshit188/SkyLIneUI/out/soong/.temp/targetfiles-l2xndwwh/VENDOR/etc/vintf/manifest/android.hardware.usb@1.2-service.xml': OK
getFrameworkHalManifest: Successfully processed VINTF information
getDeviceHalManifest: Reading VINTF information.
Sysprop ro.boot.product.vendor.sku=
Fetch '/home/iamharshit188/SkyLIneUI/out/soong/.temp/targetfiles-l2xndwwh/VENDOR/etc/vintf/manifest.xml': OK
List '/home/iamharshit188/SkyLIneUI/out/soong/.temp/targetfiles-l2xndwwh/VENDOR/etc/vintf/manifest/': OK
Fetch '/home/iamharshit188/SkyLIneUI/out/soong/.temp/targetfiles-l2xndwwh/VENDOR/etc/vintf/manifest/android.hardware.keymaster@4.1-service-default-qti.xml': OK
Fetch '/home/iamharshit188/SkyLIneUI/out/soong/.temp/targetfiles-l2xndwwh/VENDOR/etc/vintf/manifest/manifest_android.hardware.drm@1.3-service.widevine.xml': OK
Fetch '/home/iamharshit188/SkyLIneUI/out/soong/.temp/targetfiles-l2xndwwh/VENDOR/etc/vintf/manifest/android.hardware.drm-service.clearkey.xml': OK
Fetch '/home/iamharshit188/SkyLIneUI/out/soong/.temp/targetfiles-l2xndwwh/VENDOR/etc/vintf/manifest/android.hardware.sensors@2.1-multihal.xml': OK
Fetch '/home/iamharshit188/SkyLIneUI/out/soong/.temp/targetfiles-l2xndwwh/VENDOR/etc/vintf/manifest/android.hardware.power-service.xiaomi.xml': OK
Fetch '/home/iamharshit188/SkyLIneUI/out/soong/.temp/targetfiles-l2xndwwh/VENDOR/etc/vintf/manifest/android.hardware.wifi@1.0-service.xml': OK
Fetch '/home/iamharshit188/SkyLIneUI/out/soong/.temp/targetfiles-l2xndwwh/VENDOR/etc/vintf/manifest/vendor.qti.hardware.display.composer-service.xml': OK
Fetch '/home/iamharshit188/SkyLIneUI/out/soong/.temp/targetfiles-l2xndwwh/VENDOR/etc/vintf/manifest/android.hardware.wifi.hostapd.xml': OK
Fetch '/home/iamharshit188/SkyLIneUI/out/soong/.temp/targetfiles-l2xndwwh/VENDOR/etc/vintf/manifest/android.hardware.gnss@2.1-service-qti.xml': OK
Fetch '/home/iamharshit188/SkyLIneUI/out/soong/.temp/targetfiles-l2xndwwh/VENDOR/etc/vintf/manifest/android.hardware.usb@1.2-service-spes.xml': OK
Fetch '/home/iamharshit188/SkyLIneUI/out/soong/.temp/targetfiles-l2xndwwh/VENDOR/etc/vintf/manifest/android.hardware.wifi.supplicant.xml': OK
Fetch '/home/iamharshit188/SkyLIneUI/out/soong/.temp/targetfiles-l2xndwwh/VENDOR/etc/vintf/manifest/manifest_vendor.xiaomi.hardware.mlipay.xml': OK
Fetch '/home/iamharshit188/SkyLIneUI/out/soong/.temp/targetfiles-l2xndwwh/VENDOR/etc/vintf/manifest/android.hardware.biometrics.fingerprint@2.1-service.spes.xml': OK
Fetch '/home/iamharshit188/SkyLIneUI/out/soong/.temp/targetfiles-l2xndwwh/VENDOR/etc/vintf/manifest/android.hardware.usb@1.2-service.xml': OK
getDeviceHalManifest: Reading VINTF information.
Sysprop ro.boot.product.vendor.sku=
Fetch '/home/iamharshit188/SkyLIneUI/out/soong/.temp/targetfiles-l2xndwwh/VENDOR/etc/vintf/manifest.xml': OK
List '/home/iamharshit188/SkyLIneUI/out/soong/.temp/targetfiles-l2xndwwh/VENDOR/etc/vintf/manifest/': OK
Fetch '/home/iamharshit188/SkyLIneUI/out/soong/.temp/targetfiles-l2xndwwh/VENDOR/etc/vintf/manifest/android.hardware.keymaster@4.1-service-default-qti.xml': OK
Fetch '/home/iamharshit188/SkyLIneUI/out/soong/.temp/targetfiles-l2xndwwh/VENDOR/etc/vintf/manifest/manifest_android.hardware.drm@1.3-service.widevine.xml': OK
Fetch '/home/iamharshit188/SkyLIneUI/out/soong/.temp/targetfiles-l2xndwwh/VENDOR/etc/vintf/manifest/android.hardware.drm-service.clearkey.xml': OK
Fetch '/home/iamharshit188/SkyLIneUI/out/soong/.temp/targetfiles-l2xndwwh/VENDOR/etc/vintf/manifest/android.hardware.sensors@2.1-multihal.xml': OK
Fetch '/home/iamharshit188/SkyLIneUI/out/soong/.temp/targetfiles-l2xndwwh/VENDOR/etc/vintf/manifest/android.hardware.power-service.xiaomi.xml': OK
Fetch '/home/iamharshit188/SkyLIneUI/out/soong/.temp/targetfiles-l2xndwwh/VENDOR/etc/vintf/manifest/android.hardware.wifi@1.0-service.xml': OK
Fetch '/home/iamharshit188/SkyLIneUI/out/soong/.temp/targetfiles-l2xndwwh/VENDOR/etc/vintf/manifest/vendor.qti.hardware.display.composer-service.xml': OK
Fetch '/home/iamharshit188/SkyLIneUI/out/soong/.temp/targetfiles-l2xndwwh/VENDOR/etc/vintf/manifest/android.hardware.wifi.hostapd.xml': OK
Fetch '/home/iamharshit188/SkyLIneUI/out/soong/.temp/targetfiles-l2xndwwh/VENDOR/etc/vintf/manifest/android.hardware.gnss@2.1-service-qti.xml': OK
Fetch '/home/iamharshit188/SkyLIneUI/out/soong/.temp/targetfiles-l2xndwwh/VENDOR/etc/vintf/manifest/android.hardware.usb@1.2-service-spes.xml': OK
Fetch '/home/iamharshit188/SkyLIneUI/out/soong/.temp/targetfiles-l2xndwwh/VENDOR/etc/vintf/manifest/android.hardware.wifi.supplicant.xml': OK
Fetch '/home/iamharshit188/SkyLIneUI/out/soong/.temp/targetfiles-l2xndwwh/VENDOR/etc/vintf/manifest/manifest_vendor.xiaomi.hardware.mlipay.xml': OK
Fetch '/home/iamharshit188/SkyLIneUI/out/soong/.temp/targetfiles-l2xndwwh/VENDOR/etc/vintf/manifest/android.hardware.biometrics.fingerprint@2.1-service.spes.xml': OK
Fetch '/home/iamharshit188/SkyLIneUI/out/soong/.temp/targetfiles-l2xndwwh/VENDOR/etc/vintf/manifest/android.hardware.usb@1.2-service.xml': OK
fetched kernel level from RuntimeInfo ''
getDeviceHalManifest: Reading VINTF information.
Sysprop ro.boot.product.vendor.sku=
Fetch '/home/iamharshit188/SkyLIneUI/out/soong/.temp/targetfiles-l2xndwwh/VENDOR/etc/vintf/manifest.xml': OK
List '/home/iamharshit188/SkyLIneUI/out/soong/.temp/targetfiles-l2xndwwh/VENDOR/etc/vintf/manifest/': OK
Fetch '/home/iamharshit188/SkyLIneUI/out/soong/.temp/targetfiles-l2xndwwh/VENDOR/etc/vintf/manifest/android.hardware.keymaster@4.1-service-default-qti.xml': OK
Fetch '/home/iamharshit188/SkyLIneUI/out/soong/.temp/targetfiles-l2xndwwh/VENDOR/etc/vintf/manifest/manifest_android.hardware.drm@1.3-service.widevine.xml': OK
Fetch '/home/iamharshit188/SkyLIneUI/out/soong/.temp/targetfiles-l2xndwwh/VENDOR/etc/vintf/manifest/android.hardware.drm-service.clearkey.xml': OK
Fetch '/home/iamharshit188/SkyLIneUI/out/soong/.temp/targetfiles-l2xndwwh/VENDOR/etc/vintf/manifest/android.hardware.sensors@2.1-multihal.xml': OK
Fetch '/home/iamharshit188/SkyLIneUI/out/soong/.temp/targetfiles-l2xndwwh/VENDOR/etc/vintf/manifest/android.hardware.power-service.xiaomi.xml': OK
Fetch '/home/iamharshit188/SkyLIneUI/out/soong/.temp/targetfiles-l2xndwwh/VENDOR/etc/vintf/manifest/android.hardware.wifi@1.0-service.xml': OK
Fetch '/home/iamharshit188/SkyLIneUI/out/soong/.temp/targetfiles-l2xndwwh/VENDOR/etc/vintf/manifest/vendor.qti.hardware.display.composer-service.xml': OK
Fetch '/home/iamharshit188/SkyLIneUI/out/soong/.temp/targetfiles-l2xndwwh/VENDOR/etc/vintf/manifest/android.hardware.wifi.hostapd.xml': OK
Fetch '/home/iamharshit188/SkyLIneUI/out/soong/.temp/targetfiles-l2xndwwh/VENDOR/etc/vintf/manifest/android.hardware.gnss@2.1-service-qti.xml': OK
Fetch '/home/iamharshit188/SkyLIneUI/out/soong/.temp/targetfiles-l2xndwwh/VENDOR/etc/vintf/manifest/android.hardware.usb@1.2-service-spes.xml': OK
Fetch '/home/iamharshit188/SkyLIneUI/out/soong/.temp/targetfiles-l2xndwwh/VENDOR/etc/vintf/manifest/android.hardware.wifi.supplicant.xml': OK
Fetch '/home/iamharshit188/SkyLIneUI/out/soong/.temp/targetfiles-l2xndwwh/VENDOR/etc/vintf/manifest/manifest_vendor.xiaomi.hardware.mlipay.xml': OK
Fetch '/home/iamharshit188/SkyLIneUI/out/soong/.temp/targetfiles-l2xndwwh/VENDOR/etc/vintf/manifest/android.hardware.biometrics.fingerprint@2.1-service.spes.xml': OK
Fetch '/home/iamharshit188/SkyLIneUI/out/soong/.temp/targetfiles-l2xndwwh/VENDOR/etc/vintf/manifest/android.hardware.usb@1.2-service.xml': OK
getFrameworkCompatibilityMatrix: Reading VINTF information.
List '/home/iamharshit188/SkyLIneUI/out/soong/.temp/targetfiles-l2xndwwh/SYSTEM/etc/vintf/': OK
Fetch '/home/iamharshit188/SkyLIneUI/out/soong/.temp/targetfiles-l2xndwwh/SYSTEM/etc/vintf/compatibility_matrix.device.xml': OK
Fetch '/home/iamharshit188/SkyLIneUI/out/soong/.temp/targetfiles-l2xndwwh/SYSTEM/etc/vintf/compatibility_matrix.5.xml': OK
Fetch '/home/iamharshit188/SkyLIneUI/out/soong/.temp/targetfiles-l2xndwwh/SYSTEM/etc/vintf/compatibility_matrix.7.xml': OK
Fetch '/home/iamharshit188/SkyLIneUI/out/soong/.temp/targetfiles-l2xndwwh/SYSTEM/etc/vintf/compatibility_matrix.6.xml': OK
Fetch '/home/iamharshit188/SkyLIneUI/out/soong/.temp/targetfiles-l2xndwwh/SYSTEM/etc/vintf/compatibility_matrix.4.xml': OK
Fetch '/home/iamharshit188/SkyLIneUI/out/soong/.temp/targetfiles-l2xndwwh/SYSTEM/etc/vintf/manifest.xml': OK
Fetch '/home/iamharshit188/SkyLIneUI/out/soong/.temp/targetfiles-l2xndwwh/SYSTEM/etc/vintf/compatibility_matrix.3.xml': OK
List '/home/iamharshit188/SkyLIneUI/out/soong/.temp/targetfiles-l2xndwwh/SYSTEM_EXT/etc/vintf/': OK
Fetch '/home/iamharshit188/SkyLIneUI/out/soong/.temp/targetfiles-l2xndwwh/SYSTEM_EXT/etc/vintf/manifest.xml': OK
List '/home/iamharshit188/SkyLIneUI/out/soong/.temp/targetfiles-l2xndwwh/PRODUCT/etc/vintf/': NAME_NOT_FOUND
Sysprop ro.product.first_api_level=30
getFrameworkCompatibilityMatrix: Successfully processed VINTF information
getDeviceCompatibilityMatrix: Reading VINTF information.
Fetch '/home/iamharshit188/SkyLIneUI/out/soong/.temp/targetfiles-l2xndwwh/VENDOR/etc/vintf/compatibility_matrix.xml': OK
getDeviceCompatibilityMatrix: Successfully processed VINTF information
fetched kernel version 4.19.157
read kernel configs from /home/iamharshit188/SkyLIneUI/out/soong/.temp/targetfiles-l2xndwwh/META/kernel_configs.txt
getDeviceHalManifest: Reading VINTF information.
Sysprop ro.boot.product.vendor.sku=
Fetch '/home/iamharshit188/SkyLIneUI/out/soong/.temp/targetfiles-l2xndwwh/VENDOR/etc/vintf/manifest.xml': OK
List '/home/iamharshit188/SkyLIneUI/out/soong/.temp/targetfiles-l2xndwwh/VENDOR/etc/vintf/manifest/': OK
Fetch '/home/iamharshit188/SkyLIneUI/out/soong/.temp/targetfiles-l2xndwwh/VENDOR/etc/vintf/manifest/android.hardware.keymaster@4.1-service-default-qti.xml': OK
Fetch '/home/iamharshit188/SkyLIneUI/out/soong/.temp/targetfiles-l2xndwwh/VENDOR/etc/vintf/manifest/manifest_android.hardware.drm@1.3-service.widevine.xml': OK
Fetch '/home/iamharshit188/SkyLIneUI/out/soong/.temp/targetfiles-l2xndwwh/VENDOR/etc/vintf/manifest/android.hardware.drm-service.clearkey.xml': OK
Fetch '/home/iamharshit188/SkyLIneUI/out/soong/.temp/targetfiles-l2xndwwh/VENDOR/etc/vintf/manifest/android.hardware.sensors@2.1-multihal.xml': OK
Fetch '/home/iamharshit188/SkyLIneUI/out/soong/.temp/targetfiles-l2xndwwh/VENDOR/etc/vintf/manifest/android.hardware.power-service.xiaomi.xml': OK
Fetch '/home/iamharshit188/SkyLIneUI/out/soong/.temp/targetfiles-l2xndwwh/VENDOR/etc/vintf/manifest/android.hardware.wifi@1.0-service.xml': OK
Fetch '/home/iamharshit188/SkyLIneUI/out/soong/.temp/targetfiles-l2xndwwh/VENDOR/etc/vintf/manifest/vendor.qti.hardware.display.composer-service.xml': OK
Fetch '/home/iamharshit188/SkyLIneUI/out/soong/.temp/targetfiles-l2xndwwh/VENDOR/etc/vintf/manifest/android.hardware.wifi.hostapd.xml': OK
Fetch '/home/iamharshit188/SkyLIneUI/out/soong/.temp/targetfiles-l2xndwwh/VENDOR/etc/vintf/manifest/android.hardware.gnss@2.1-service-qti.xml': OK
Fetch '/home/iamharshit188/SkyLIneUI/out/soong/.temp/targetfiles-l2xndwwh/VENDOR/etc/vintf/manifest/android.hardware.usb@1.2-service-spes.xml': OK
Fetch '/home/iamharshit188/SkyLIneUI/out/soong/.temp/targetfiles-l2xndwwh/VENDOR/etc/vintf/manifest/android.hardware.wifi.supplicant.xml': OK
Fetch '/home/iamharshit188/SkyLIneUI/out/soong/.temp/targetfiles-l2xndwwh/VENDOR/etc/vintf/manifest/manifest_vendor.xiaomi.hardware.mlipay.xml': OK
Fetch '/home/iamharshit188/SkyLIneUI/out/soong/.temp/targetfiles-l2xndwwh/VENDOR/etc/vintf/manifest/android.hardware.biometrics.fingerprint@2.1-service.spes.xml': OK
Fetch '/home/iamharshit188/SkyLIneUI/out/soong/.temp/targetfiles-l2xndwwh/VENDOR/etc/vintf/manifest/android.hardware.usb@1.2-service.xml': OK
List '/home/iamharshit188/SkyLIneUI/out/soong/.temp/targetfiles-l2xndwwh/SYSTEM/etc/vintf/': OK
Fetch '/home/iamharshit188/SkyLIneUI/out/soong/.temp/targetfiles-l2xndwwh/SYSTEM/etc/vintf/compatibility_matrix.device.xml': OK
Fetch '/home/iamharshit188/SkyLIneUI/out/soong/.temp/targetfiles-l2xndwwh/SYSTEM/etc/vintf/compatibility_matrix.5.xml': OK
Fetch '/home/iamharshit188/SkyLIneUI/out/soong/.temp/targetfiles-l2xndwwh/SYSTEM/etc/vintf/compatibility_matrix.7.xml': OK
Fetch '/home/iamharshit188/SkyLIneUI/out/soong/.temp/targetfiles-l2xndwwh/SYSTEM/etc/vintf/compatibility_matrix.6.xml': OK
Fetch '/home/iamharshit188/SkyLIneUI/out/soong/.temp/targetfiles-l2xndwwh/SYSTEM/etc/vintf/compatibility_matrix.4.xml': OK
Fetch '/home/iamharshit188/SkyLIneUI/out/soong/.temp/targetfiles-l2xndwwh/SYSTEM/etc/vintf/manifest.xml': OK
Fetch '/home/iamharshit188/SkyLIneUI/out/soong/.temp/targetfiles-l2xndwwh/SYSTEM/etc/vintf/compatibility_matrix.3.xml': OK
List '/home/iamharshit188/SkyLIneUI/out/soong/.temp/targetfiles-l2xndwwh/SYSTEM_EXT/etc/vintf/': OK
Fetch '/home/iamharshit188/SkyLIneUI/out/soong/.temp/targetfiles-l2xndwwh/SYSTEM_EXT/etc/vintf/manifest.xml': OK
List '/home/iamharshit188/SkyLIneUI/out/soong/.temp/targetfiles-l2xndwwh/PRODUCT/etc/vintf/': NAME_NOT_FOUND
getDeviceHalManifest: Reading VINTF information.
Sysprop ro.boot.product.vendor.sku=
Fetch '/home/iamharshit188/SkyLIneUI/out/soong/.temp/targetfiles-l2xndwwh/VENDOR/etc/vintf/manifest.xml': OK
List '/home/iamharshit188/SkyLIneUI/out/soong/.temp/targetfiles-l2xndwwh/VENDOR/etc/vintf/manifest/': OK
Fetch '/home/iamharshit188/SkyLIneUI/out/soong/.temp/targetfiles-l2xndwwh/VENDOR/etc/vintf/manifest/android.hardware.keymaster@4.1-service-default-qti.xml': OK
Fetch '/home/iamharshit188/SkyLIneUI/out/soong/.temp/targetfiles-l2xndwwh/VENDOR/etc/vintf/manifest/manifest_android.hardware.drm@1.3-service.widevine.xml': OK
Fetch '/home/iamharshit188/SkyLIneUI/out/soong/.temp/targetfiles-l2xndwwh/VENDOR/etc/vintf/manifest/android.hardware.drm-service.clearkey.xml': OK
Fetch '/home/iamharshit188/SkyLIneUI/out/soong/.temp/targetfiles-l2xndwwh/VENDOR/etc/vintf/manifest/android.hardware.sensors@2.1-multihal.xml': OK
Fetch '/home/iamharshit188/SkyLIneUI/out/soong/.temp/targetfiles-l2xndwwh/VENDOR/etc/vintf/manifest/android.hardware.power-service.xiaomi.xml': OK
Fetch '/home/iamharshit188/SkyLIneUI/out/soong/.temp/targetfiles-l2xndwwh/VENDOR/etc/vintf/manifest/android.hardware.wifi@1.0-service.xml': OK
Fetch '/home/iamharshit188/SkyLIneUI/out/soong/.temp/targetfiles-l2xndwwh/VENDOR/etc/vintf/manifest/vendor.qti.hardware.display.composer-service.xml': OK
Fetch '/home/iamharshit188/SkyLIneUI/out/soong/.temp/targetfiles-l2xndwwh/VENDOR/etc/vintf/manifest/android.hardware.wifi.hostapd.xml': OK
Fetch '/home/iamharshit188/SkyLIneUI/out/soong/.temp/targetfiles-l2xndwwh/VENDOR/etc/vintf/manifest/android.hardware.gnss@2.1-service-qti.xml': OK
Fetch '/home/iamharshit188/SkyLIneUI/out/soong/.temp/targetfiles-l2xndwwh/VENDOR/etc/vintf/manifest/android.hardware.usb@1.2-service-spes.xml': OK
Fetch '/home/iamharshit188/SkyLIneUI/out/soong/.temp/targetfiles-l2xndwwh/VENDOR/etc/vintf/manifest/android.hardware.wifi.supplicant.xml': OK
Fetch '/home/iamharshit188/SkyLIneUI/out/soong/.temp/targetfiles-l2xndwwh/VENDOR/etc/vintf/manifest/manifest_vendor.xiaomi.hardware.mlipay.xml': OK
Fetch '/home/iamharshit188/SkyLIneUI/out/soong/.temp/targetfiles-l2xndwwh/VENDOR/etc/vintf/manifest/android.hardware.biometrics.fingerprint@2.1-service.spes.xml': OK
Fetch '/home/iamharshit188/SkyLIneUI/out/soong/.temp/targetfiles-l2xndwwh/VENDOR/etc/vintf/manifest/android.hardware.usb@1.2-service.xml': OK
List '/home/iamharshit188/SkyLIneUI/out/soong/.temp/targetfiles-l2xndwwh/SYSTEM/etc/vintf/': OK
Fetch '/home/iamharshit188/SkyLIneUI/out/soong/.temp/targetfiles-l2xndwwh/SYSTEM/etc/vintf/compatibility_matrix.device.xml': OK
Fetch '/home/iamharshit188/SkyLIneUI/out/soong/.temp/targetfiles-l2xndwwh/SYSTEM/etc/vintf/compatibility_matrix.5.xml': OK
Fetch '/home/iamharshit188/SkyLIneUI/out/soong/.temp/targetfiles-l2xndwwh/SYSTEM/etc/vintf/compatibility_matrix.7.xml': OK
Fetch '/home/iamharshit188/SkyLIneUI/out/soong/.temp/targetfiles-l2xndwwh/SYSTEM/etc/vintf/compatibility_matrix.6.xml': OK
Fetch '/home/iamharshit188/SkyLIneUI/out/soong/.temp/targetfiles-l2xndwwh/SYSTEM/etc/vintf/compatibility_matrix.4.xml': OK
Fetch '/home/iamharshit188/SkyLIneUI/out/soong/.temp/targetfiles-l2xndwwh/SYSTEM/etc/vintf/manifest.xml': OK
Fetch '/home/iamharshit188/SkyLIneUI/out/soong/.temp/targetfiles-l2xndwwh/SYSTEM/etc/vintf/compatibility_matrix.3.xml': OK
List '/home/iamharshit188/SkyLIneUI/out/soong/.temp/targetfiles-l2xndwwh/SYSTEM_EXT/etc/vintf/': OK
Fetch '/home/iamharshit188/SkyLIneUI/out/soong/.temp/targetfiles-l2xndwwh/SYSTEM_EXT/etc/vintf/manifest.xml': OK
List '/home/iamharshit188/SkyLIneUI/out/soong/.temp/targetfiles-l2xndwwh/PRODUCT/etc/vintf/': NAME_NOT_FOUND
getDeviceHalManifest: Reading VINTF information.
Sysprop ro.boot.product.vendor.sku=
Fetch '/home/iamharshit188/SkyLIneUI/out/soong/.temp/targetfiles-l2xndwwh/VENDOR/etc/vintf/manifest.xml': OK
List '/home/iamharshit188/SkyLIneUI/out/soong/.temp/targetfiles-l2xndwwh/VENDOR/etc/vintf/manifest/': OK
Fetch '/home/iamharshit188/SkyLIneUI/out/soong/.temp/targetfiles-l2xndwwh/VENDOR/etc/vintf/manifest/android.hardware.keymaster@4.1-service-default-qti.xml': OK
Fetch '/home/iamharshit188/SkyLIneUI/out/soong/.temp/targetfiles-l2xndwwh/VENDOR/etc/vintf/manifest/manifest_android.hardware.drm@1.3-service.widevine.xml': OK
Fetch '/home/iamharshit188/SkyLIneUI/out/soong/.temp/targetfiles-l2xndwwh/VENDOR/etc/vintf/manifest/android.hardware.drm-service.clearkey.xml': OK
Fetch '/home/iamharshit188/SkyLIneUI/out/soong/.temp/targetfiles-l2xndwwh/VENDOR/etc/vintf/manifest/android.hardware.sensors@2.1-multihal.xml': OK
Fetch '/home/iamharshit188/SkyLIneUI/out/soong/.temp/targetfiles-l2xndwwh/VENDOR/etc/vintf/manifest/android.hardware.power-service.xiaomi.xml': OK
Fetch '/home/iamharshit188/SkyLIneUI/out/soong/.temp/targetfiles-l2xndwwh/VENDOR/etc/vintf/manifest/android.hardware.wifi@1.0-service.xml': OK
Fetch '/home/iamharshit188/SkyLIneUI/out/soong/.temp/targetfiles-l2xndwwh/VENDOR/etc/vintf/manifest/vendor.qti.hardware.display.composer-service.xml': OK
Fetch '/home/iamharshit188/SkyLIneUI/out/soong/.temp/targetfiles-l2xndwwh/VENDOR/etc/vintf/manifest/android.hardware.wifi.hostapd.xml': OK
Fetch '/home/iamharshit188/SkyLIneUI/out/soong/.temp/targetfiles-l2xndwwh/VENDOR/etc/vintf/manifest/android.hardware.gnss@2.1-service-qti.xml': OK
Fetch '/home/iamharshit188/SkyLIneUI/out/soong/.temp/targetfiles-l2xndwwh/VENDOR/etc/vintf/manifest/android.hardware.usb@1.2-service-spes.xml': OK
Fetch '/home/iamharshit188/SkyLIneUI/out/soong/.temp/targetfiles-l2xndwwh/VENDOR/etc/vintf/manifest/android.hardware.wifi.supplicant.xml': OK
Fetch '/home/iamharshit188/SkyLIneUI/out/soong/.temp/targetfiles-l2xndwwh/VENDOR/etc/vintf/manifest/manifest_vendor.xiaomi.hardware.mlipay.xml': OK
Fetch '/home/iamharshit188/SkyLIneUI/out/soong/.temp/targetfiles-l2xndwwh/VENDOR/etc/vintf/manifest/android.hardware.biometrics.fingerprint@2.1-service.spes.xml': OK
Fetch '/home/iamharshit188/SkyLIneUI/out/soong/.temp/targetfiles-l2xndwwh/VENDOR/etc/vintf/manifest/android.hardware.usb@1.2-service.xml': OK
getDeviceHalManifest: Reading VINTF information.
Sysprop ro.boot.product.vendor.sku=
Fetch '/home/iamharshit188/SkyLIneUI/out/soong/.temp/targetfiles-l2xndwwh/VENDOR/etc/vintf/manifest.xml': OK
List '/home/iamharshit188/SkyLIneUI/out/soong/.temp/targetfiles-l2xndwwh/VENDOR/etc/vintf/manifest/': OK
Fetch '/home/iamharshit188/SkyLIneUI/out/soong/.temp/targetfiles-l2xndwwh/VENDOR/etc/vintf/manifest/android.hardware.keymaster@4.1-service-default-qti.xml': OK
Fetch '/home/iamharshit188/SkyLIneUI/out/soong/.temp/targetfiles-l2xndwwh/VENDOR/etc/vintf/manifest/manifest_android.hardware.drm@1.3-service.widevine.xml': OK
Fetch '/home/iamharshit188/SkyLIneUI/out/soong/.temp/targetfiles-l2xndwwh/VENDOR/etc/vintf/manifest/android.hardware.drm-service.clearkey.xml': OK
Fetch '/home/iamharshit188/SkyLIneUI/out/soong/.temp/targetfiles-l2xndwwh/VENDOR/etc/vintf/manifest/android.hardware.sensors@2.1-multihal.xml': OK
Fetch '/home/iamharshit188/SkyLIneUI/out/soong/.temp/targetfiles-l2xndwwh/VENDOR/etc/vintf/manifest/android.hardware.power-service.xiaomi.xml': OK
Fetch '/home/iamharshit188/SkyLIneUI/out/soong/.temp/targetfiles-l2xndwwh/VENDOR/etc/vintf/manifest/android.hardware.wifi@1.0-service.xml': OK
Fetch '/home/iamharshit188/SkyLIneUI/out/soong/.temp/targetfiles-l2xndwwh/VENDOR/etc/vintf/manifest/vendor.qti.hardware.display.composer-service.xml': OK
Fetch '/home/iamharshit188/SkyLIneUI/out/soong/.temp/targetfiles-l2xndwwh/VENDOR/etc/vintf/manifest/android.hardware.wifi.hostapd.xml': OK
Fetch '/home/iamharshit188/SkyLIneUI/out/soong/.temp/targetfiles-l2xndwwh/VENDOR/etc/vintf/manifest/android.hardware.gnss@2.1-service-qti.xml': OK
Fetch '/home/iamharshit188/SkyLIneUI/out/soong/.temp/targetfiles-l2xndwwh/VENDOR/etc/vintf/manifest/android.hardware.usb@1.2-service-spes.xml': OK
Fetch '/home/iamharshit188/SkyLIneUI/out/soong/.temp/targetfiles-l2xndwwh/VENDOR/etc/vintf/manifest/android.hardware.wifi.supplicant.xml': OK
Fetch '/home/iamharshit188/SkyLIneUI/out/soong/.temp/targetfiles-l2xndwwh/VENDOR/etc/vintf/manifest/manifest_vendor.xiaomi.hardware.mlipay.xml': OK
Fetch '/home/iamharshit188/SkyLIneUI/out/soong/.temp/targetfiles-l2xndwwh/VENDOR/etc/vintf/manifest/android.hardware.biometrics.fingerprint@2.1-service.spes.xml': OK
Fetch '/home/iamharshit188/SkyLIneUI/out/soong/.temp/targetfiles-l2xndwwh/VENDOR/etc/vintf/manifest/android.hardware.usb@1.2-service.xml': OK
getDeviceHalManifest: Reading VINTF information.
Sysprop ro.boot.product.vendor.sku=
Fetch '/home/iamharshit188/SkyLIneUI/out/soong/.temp/targetfiles-l2xndwwh/VENDOR/etc/vintf/manifest.xml': OK
List '/home/iamharshit188/SkyLIneUI/out/soong/.temp/targetfiles-l2xndwwh/VENDOR/etc/vintf/manifest/': OK
Fetch '/home/iamharshit188/SkyLIneUI/out/soong/.temp/targetfiles-l2xndwwh/VENDOR/etc/vintf/manifest/android.hardware.keymaster@4.1-service-default-qti.xml': OK
Fetch '/home/iamharshit188/SkyLIneUI/out/soong/.temp/targetfiles-l2xndwwh/VENDOR/etc/vintf/manifest/manifest_android.hardware.drm@1.3-service.widevine.xml': OK
Fetch '/home/iamharshit188/SkyLIneUI/out/soong/.temp/targetfiles-l2xndwwh/VENDOR/etc/vintf/manifest/android.hardware.drm-service.clearkey.xml': OK
Fetch '/home/iamharshit188/SkyLIneUI/out/soong/.temp/targetfiles-l2xndwwh/VENDOR/etc/vintf/manifest/android.hardware.sensors@2.1-multihal.xml': OK
Fetch '/home/iamharshit188/SkyLIneUI/out/soong/.temp/targetfiles-l2xndwwh/VENDOR/etc/vintf/manifest/android.hardware.power-service.xiaomi.xml': OK
Fetch '/home/iamharshit188/SkyLIneUI/out/soong/.temp/targetfiles-l2xndwwh/VENDOR/etc/vintf/manifest/android.hardware.wifi@1.0-service.xml': OK
Fetch '/home/iamharshit188/SkyLIneUI/out/soong/.temp/targetfiles-l2xndwwh/VENDOR/etc/vintf/manifest/vendor.qti.hardware.display.composer-service.xml': OK
Fetch '/home/iamharshit188/SkyLIneUI/out/soong/.temp/targetfiles-l2xndwwh/VENDOR/etc/vintf/manifest/android.hardware.wifi.hostapd.xml': OK
Fetch '/home/iamharshit188/SkyLIneUI/out/soong/.temp/targetfiles-l2xndwwh/VENDOR/etc/vintf/manifest/android.hardware.gnss@2.1-service-qti.xml': OK
Fetch '/home/iamharshit188/SkyLIneUI/out/soong/.temp/targetfiles-l2xndwwh/VENDOR/etc/vintf/manifest/android.hardware.usb@1.2-service-spes.xml': OK
Fetch '/home/iamharshit188/SkyLIneUI/out/soong/.temp/targetfiles-l2xndwwh/VENDOR/etc/vintf/manifest/android.hardware.wifi.supplicant.xml': OK
Fetch '/home/iamharshit188/SkyLIneUI/out/soong/.temp/targetfiles-l2xndwwh/VENDOR/etc/vintf/manifest/manifest_vendor.xiaomi.hardware.mlipay.xml': OK
Fetch '/home/iamharshit188/SkyLIneUI/out/soong/.temp/targetfiles-l2xndwwh/VENDOR/etc/vintf/manifest/android.hardware.biometrics.fingerprint@2.1-service.spes.xml': OK
Fetch '/home/iamharshit188/SkyLIneUI/out/soong/.temp/targetfiles-l2xndwwh/VENDOR/etc/vintf/manifest/android.hardware.usb@1.2-service.xml': OK
getDeviceHalManifest: Reading VINTF information.
Sysprop ro.boot.product.vendor.sku=
Fetch '/home/iamharshit188/SkyLIneUI/out/soong/.temp/targetfiles-l2xndwwh/VENDOR/etc/vintf/manifest.xml': OK
List '/home/iamharshit188/SkyLIneUI/out/soong/.temp/targetfiles-l2xndwwh/VENDOR/etc/vintf/manifest/': OK
Fetch '/home/iamharshit188/SkyLIneUI/out/soong/.temp/targetfiles-l2xndwwh/VENDOR/etc/vintf/manifest/android.hardware.keymaster@4.1-service-default-qti.xml': OK
Fetch '/home/iamharshit188/SkyLIneUI/out/soong/.temp/targetfiles-l2xndwwh/VENDOR/etc/vintf/manifest/manifest_android.hardware.drm@1.3-service.widevine.xml': OK
Fetch '/home/iamharshit188/SkyLIneUI/out/soong/.temp/targetfiles-l2xndwwh/VENDOR/etc/vintf/manifest/android.hardware.drm-service.clearkey.xml': OK
Fetch '/home/iamharshit188/SkyLIneUI/out/soong/.temp/targetfiles-l2xndwwh/VENDOR/etc/vintf/manifest/android.hardware.sensors@2.1-multihal.xml': OK
Fetch '/home/iamharshit188/SkyLIneUI/out/soong/.temp/targetfiles-l2xndwwh/VENDOR/etc/vintf/manifest/android.hardware.power-service.xiaomi.xml': OK
Fetch '/home/iamharshit188/SkyLIneUI/out/soong/.temp/targetfiles-l2xndwwh/VENDOR/etc/vintf/manifest/android.hardware.wifi@1.0-service.xml': OK
Fetch '/home/iamharshit188/SkyLIneUI/out/soong/.temp/targetfiles-l2xndwwh/VENDOR/etc/vintf/manifest/vendor.qti.hardware.display.composer-service.xml': OK
Fetch '/home/iamharshit188/SkyLIneUI/out/soong/.temp/targetfiles-l2xndwwh/VENDOR/etc/vintf/manifest/android.hardware.wifi.hostapd.xml': OK
Fetch '/home/iamharshit188/SkyLIneUI/out/soong/.temp/targetfiles-l2xndwwh/VENDOR/etc/vintf/manifest/android.hardware.gnss@2.1-service-qti.xml': OK
Fetch '/home/iamharshit188/SkyLIneUI/out/soong/.temp/targetfiles-l2xndwwh/VENDOR/etc/vintf/manifest/android.hardware.usb@1.2-service-spes.xml': OK
Fetch '/home/iamharshit188/SkyLIneUI/out/soong/.temp/targetfiles-l2xndwwh/VENDOR/etc/vintf/manifest/android.hardware.wifi.supplicant.xml': OK
Fetch '/home/iamharshit188/SkyLIneUI/out/soong/.temp/targetfiles-l2xndwwh/VENDOR/etc/vintf/manifest/manifest_vendor.xiaomi.hardware.mlipay.xml': OK
Fetch '/home/iamharshit188/SkyLIneUI/out/soong/.temp/targetfiles-l2xndwwh/VENDOR/etc/vintf/manifest/android.hardware.biometrics.fingerprint@2.1-service.spes.xml': OK
Fetch '/home/iamharshit188/SkyLIneUI/out/soong/.temp/targetfiles-l2xndwwh/VENDOR/etc/vintf/manifest/android.hardware.usb@1.2-service.xml': OK

stderr:getDeviceHalManifest: status from fetching VINTF information: -2147483648
getDeviceHalManifest: -2147483648 VINTF parse error: Cannot add manifest fragment /vendor/etc/vintf/manifest/android.hardware.usb@1.2-service.xml: HAL "android.hardware.usb" has a conflict: Conflicting major version: 1.2 (from /vendor/etc/vintf/manifest/android.hardware.usb@1.2-service-spes.xml) vs. 1.2 (from /vendor/etc/vintf/manifest/android.hardware.usb@1.2-service.xml). Check whether or not multiple modules providing the same HAL are installed.
Cannot fetch device manifest to determine target FCM version to filter framework manifest HALs.
getDeviceHalManifest: status from fetching VINTF information: -2147483648
getDeviceHalManifest: -2147483648 VINTF parse error: Cannot add manifest fragment /vendor/etc/vintf/manifest/android.hardware.usb@1.2-service.xml: HAL "android.hardware.usb" has a conflict: Conflicting major version: 1.2 (from /vendor/etc/vintf/manifest/android.hardware.usb@1.2-service-spes.xml) vs. 1.2 (from /vendor/etc/vintf/manifest/android.hardware.usb@1.2-service.xml). Check whether or not multiple modules providing the same HAL are installed.
getDeviceHalManifest: status from fetching VINTF information: -2147483648
getDeviceHalManifest: -2147483648 VINTF parse error: Cannot add manifest fragment /vendor/etc/vintf/manifest/android.hardware.usb@1.2-service.xml: HAL "android.hardware.usb" has a conflict: Conflicting major version: 1.2 (from /vendor/etc/vintf/manifest/android.hardware.usb@1.2-service-spes.xml) vs. 1.2 (from /vendor/etc/vintf/manifest/android.hardware.usb@1.2-service.xml). Check whether or not multiple modules providing the same HAL are installed.
getDeviceHalManifest: status from fetching VINTF information: -2147483648
getDeviceHalManifest: -2147483648 VINTF parse error: Cannot add manifest fragment /vendor/etc/vintf/manifest/android.hardware.usb@1.2-service.xml: HAL "android.hardware.usb" has a conflict: Conflicting major version: 1.2 (from /vendor/etc/vintf/manifest/android.hardware.usb@1.2-service-spes.xml) vs. 1.2 (from /vendor/etc/vintf/manifest/android.hardware.usb@1.2-service.xml). Check whether or not multiple modules providing the same HAL are installed.
getKernelLevel: Both device manifest and kernel release do not specify kernel FCM version.
getDeviceHalManifest: status from fetching VINTF information: -2147483648
getDeviceHalManifest: -2147483648 VINTF parse error: Cannot add manifest fragment /vendor/etc/vintf/manifest/android.hardware.usb@1.2-service.xml: HAL "android.hardware.usb" has a conflict: Conflicting major version: 1.2 (from /vendor/etc/vintf/manifest/android.hardware.usb@1.2-service-spes.xml) vs. 1.2 (from /vendor/etc/vintf/manifest/android.hardware.usb@1.2-service.xml). Check whether or not multiple modules providing the same HAL are installed.
getDeviceHalManifest: status from fetching VINTF information: -2147483648
getDeviceHalManifest: -2147483648 VINTF parse error: Cannot add manifest fragment /vendor/etc/vintf/manifest/android.hardware.usb@1.2-service.xml: HAL "android.hardware.usb" has a conflict: Conflicting major version: 1.2 (from /vendor/etc/vintf/manifest/android.hardware.usb@1.2-service-spes.xml) vs. 1.2 (from /vendor/etc/vintf/manifest/android.hardware.usb@1.2-service.xml). Check whether or not multiple modules providing the same HAL are installed.
getDeviceHalManifest: status from fetching VINTF information: -2147483648
getDeviceHalManifest: -2147483648 VINTF parse error: Cannot add manifest fragment /vendor/etc/vintf/manifest/android.hardware.usb@1.2-service.xml: HAL "android.hardware.usb" has a conflict: Conflicting major version: 1.2 (from /vendor/etc/vintf/manifest/android.hardware.usb@1.2-service-spes.xml) vs. 1.2 (from /vendor/etc/vintf/manifest/android.hardware.usb@1.2-service.xml). Check whether or not multiple modules providing the same HAL are installed.
getDeviceHalManifest: status from fetching VINTF information: -2147483648
getDeviceHalManifest: -2147483648 VINTF parse error: Cannot add manifest fragment /vendor/etc/vintf/manifest/android.hardware.usb@1.2-service.xml: HAL "android.hardware.usb" has a conflict: Conflicting major version: 1.2 (from /vendor/etc/vintf/manifest/android.hardware.usb@1.2-service-spes.xml) vs. 1.2 (from /vendor/etc/vintf/manifest/android.hardware.usb@1.2-service.xml). Check whether or not multiple modules providing the same HAL are installed.
getKernelLevel: Both device manifest and kernel release do not specify kernel FCM version.
getDeviceHalManifest: status from fetching VINTF information: -2147483648
getDeviceHalManifest: -2147483648 VINTF parse error: Cannot add manifest fragment /vendor/etc/vintf/manifest/android.hardware.usb@1.2-service.xml: HAL "android.hardware.usb" has a conflict: Conflicting major version: 1.2 (from /vendor/etc/vintf/manifest/android.hardware.usb@1.2-service-spes.xml) vs. 1.2 (from /vendor/etc/vintf/manifest/android.hardware.usb@1.2-service.xml). Check whether or not multiple modules providing the same HAL are installed.
getDeviceHalManifest: status from fetching VINTF information: -2147483648
getDeviceHalManifest: -2147483648 VINTF parse error: Cannot add manifest fragment /vendor/etc/vintf/manifest/android.hardware.usb@1.2-service.xml: HAL "android.hardware.usb" has a conflict: Conflicting major version: 1.2 (from /vendor/etc/vintf/manifest/android.hardware.usb@1.2-service-spes.xml) vs. 1.2 (from /vendor/etc/vintf/manifest/android.hardware.usb@1.2-service.xml). Check whether or not multiple modules providing the same HAL are installed.
Unable to print HALs from new FCMs: no device HAL manifest.
ERROR: No such device: No device manifest file from device or from update package
No device manifest.
No device HAL manifest
Missing device manifest.: No such file or directory: No such device


